{"logTime": "0418/194911", "correlationVector":"pKw3LfO+fdpxhjNIIfUKop.1","action":"SyncServerConnectionManagerRequest", "result":"SYNC_SERVER_OK", "context":{"environment":"Prod_WestEurope_000l", "migrationStage":"NotStarted", "server":"GENERAL0100000J"}}
{"logTime": "0418/194914", "correlationVector":"pKw3LfO+fdpxhjNIIfUKop.2","action":"AAD.Mip.Unpack", "result":"Success", "context":MIP_CLOUD_COMMERCIAL:Success}
{"logTime": "0418/194914", "correlationVector":"pKw3LfO+fdpxhjNIIfUKop.3","action":"AAD.GetKeyResponse", "result":"Success", "context":Keys=6.LastKeyStatus=Normal. 2024-04-18 01:24:57 +02.State=None. Tags: Current_encryption_keys_tag = Su+/ve+/ve+/ve+/vVxj77+977+9XO+/vX7vv73vv73vv73vv70i77+9Ce+/ve+/vWPvv73WhO+/ve+/vdSXOO+/vSY=, Updated_current_encryption_keys_tag = Empty}
{"logTime": "0418/194914", "correlationVector":"pKw3LfO+fdpxhjNIIfUKop","action":"Initial GetUpdates", "result":"", "context":Reason: NEW_CLIENT. cV=pKw3LfO+fdpxhjNIIfUKop}
{"logTime": "0418/194914", "correlationVector":"pKw3LfO+fdpxhjNIIfUKop.4","action":"GetUpdates Response", "result":"Success", "context":Received 1 update(s). cV=pKw3LfO+fdpxhjNIIfUKop.0;server=GENERAL0100000J;cloudType=Multitenant;environment=Prod_WestEurope_000l;migrationStage=NotStarted}
{"logTime": "0418/194914", "correlationVector":"8+ac7I3ITX3hQgohlgigmG","action":"Initial GetUpdates", "result":"", "context":Reason: NEW_CLIENT. cV=8+ac7I3ITX3hQgohlgigmG}
{"logTime": "0418/194915", "correlationVector":"8+ac7I3ITX3hQgohlgigmG.1","action":"SyncServerConnectionManagerRequest", "result":"SYNC_SERVER_OK", "context":{"environment":"Prod_WestEurope_000l", "migrationStage":"NotStarted", "server":"GENERAL0100000I"}}
{"logTime": "0418/194915", "correlationVector":"8+ac7I3ITX3hQgohlgigmG.2","action":"GetUpdates Response", "result":"Success", "context":Received 2 update(s). cV=8+ac7I3ITX3hQgohlgigmG.0;server=GENERAL0100000I;cloudType=Multitenant;environment=Prod_WestEurope_000l;migrationStage=NotStarted}
{"logTime": "0418/194915", "correlationVector":"KC8Bkn2avGlpc0Sla2Z7TR","action":"Normal GetUpdate request", "result":"", "context":cV=KC8Bkn2avGlpc0Sla2Z7TR
Nudged types: Device Info, User Consents
Refresh requested types: Device Info, User Consents, Send Tab To Self, Encryption Keys}
{"logTime": "0418/194915", "correlationVector":"KC8Bkn2avGlpc0Sla2Z7TR.1","action":"SyncServerConnectionManagerRequest", "result":"SYNC_SERVER_OK", "context":{"environment":"Prod_WestEurope_000l", "migrationStage":"NotStarted", "server":"GENERAL0100000W"}}
{"logTime": "0418/194915", "correlationVector":"KC8Bkn2avGlpc0Sla2Z7TR.2","action":"GetUpdates Response", "result":"Success", "context":Received 0 update(s). cV=KC8Bkn2avGlpc0Sla2Z7TR.0;server=GENERAL0100000W;cloudType=Multitenant;environment=Prod_WestEurope_000l;migrationStage=NotStarted}
{"logTime": "0418/194915", "correlationVector":"yicJCtD++rOX3xXHHkV39J","action":"Commit Request", "result":"", "context":Item count: 2
Contributing types: Device Info, User Consents}
{"logTime": "0418/194915", "correlationVector":"yicJCtD++rOX3xXHHkV39J.1","action":"SyncServerConnectionManagerRequest", "result":"SYNC_SERVER_OK", "context":{"environment":"Prod_WestEurope_000l", "migrationStage":"NotStarted", "server":"GENERAL01000011"}}
{"logTime": "0418/194915", "correlationVector":"yicJCtD++rOX3xXHHkV39J.2","action":"Commit Response", "result":"Success", "context":Result: Success. cV=yicJCtD++rOX3xXHHkV39J.0;server=GENERAL01000011;cloudType=Multitenant;environment=Prod_WestEurope_000l;migrationStage=NotStarted}
{"logTime": "0418/194915", "correlationVector":"EsuJpwYnsoKe3DoE+36/En","action":"Normal GetUpdate request", "result":"", "context":cV=EsuJpwYnsoKe3DoE+36/En
Nudged types: Device Info}
{"logTime": "0418/194916", "correlationVector":"EsuJpwYnsoKe3DoE+36/En.1","action":"SyncServerConnectionManagerRequest", "result":"SYNC_SERVER_OK", "context":{"environment":"Prod_WestEurope_000l", "migrationStage":"NotStarted", "server":"GENERAL0100001Y"}}
{"logTime": "0418/194916", "correlationVector":"EsuJpwYnsoKe3DoE+36/En.2","action":"GetUpdates Response", "result":"Success", "context":Received 1 update(s). cV=EsuJpwYnsoKe3DoE+36/En.0;server=GENERAL0100001Y;cloudType=Multitenant;environment=Prod_WestEurope_000l;migrationStage=NotStarted}
{"logTime": "0418/195411", "correlationVector":"6PDZTvPaLa4m06oaeU5R+w","action":"Normal GetUpdate request", "result":"", "context":cV=6PDZTvPaLa4m06oaeU5R+w
Refresh requested types: Device Info, User Consents, Send Tab To Self, Encryption Keys}
{"logTime": "0418/195412", "correlationVector":"6PDZTvPaLa4m06oaeU5R+w.1","action":"SyncServerConnectionManagerRequest", "result":"SYNC_SERVER_OK", "context":{"environment":"Prod_WestEurope_000l", "migrationStage":"NotStarted", "server":"GENERAL01000013"}}
{"logTime": "0418/195412", "correlationVector":"6PDZTvPaLa4m06oaeU5R+w.2","action":"GetUpdates Response", "result":"Success", "context":Received 0 update(s). cV=6PDZTvPaLa4m06oaeU5R+w.0;server=GENERAL01000013;cloudType=Multitenant;environment=Prod_WestEurope_000l;migrationStage=NotStarted}
